<?xml version="1.0" encoding="UTF-8"?>
<!-- Generated by org.testng.reporters.JUnitXMLReporter -->
<testsuite hostname="DESKTOP-60SM0LU" ignored="0" name="urban ladder test" tests="11" failures="0" timestamp="18 May 2022 14:54:38 GMT" time="229.299" errors="0">
  <testcase name="SignupTest" time="13.383" classname="com.urbanLadder.testCases.Tc_urbanLadder_signup01"/>
  <testcase name="LoginTest" time="9.429" classname="com.urbanLadder.testCases.Tc_urbanladder_login02"/>
  <testcase name="searchTable" time="11.547" classname="com.urbanLadder.testCases.Tc_urbanLadder_searchtable03"/>
  <testcase name="validateGiftcard" time="9.871" classname="com.urbanLadder.testCases.Tc_urbanLadder_giftcard04"/>
  <testcase name="storesTest" time="5.24" classname="com.urbanLadder.testCases.Tc_urbanLadder_Stores05"/>
  <testcase name="MattressTest" time="2.462" classname="com.urbanLadder.testCases.Tc_urbanLadder_Mattress06"/>
  <testcase name="SofaBedTest" time="11.264" classname="com.urbanLadder.testCases.Tc_urbanLadder_SofaBedPage07"/>
  <testcase name="kidsRoomTest" time="12.494" classname="com.urbanLadder.testCases.Tc_urbanLadder_Kids08"/>
  <testcase name="aboutTest" time="6.414" classname="com.urbanLadder.testCases.Tc_urbanLadder_AboutPage09"/>
  <testcase name="TVunitTest" time="8.976" classname="com.urbanLadder.testCases.Tc_urbanLadder_Tvunit10"/>
  <testcase name="loginDDT" time="15.718" classname="com.urbanLadder.testCases.Tc_urbanLadder_DDT"/>
</testsuite> <!-- urban ladder test -->
